0 info it worked if it ends with ok
1 verbose cli [ 'D:\\Program Files\\nodejs\\node.exe',
1 verbose cli   'D:\\Program Files\\nodejs\\node_modules\\npm\\bin\\npm-cli.js',
1 verbose cli   'install',
1 verbose cli   'ngx-ueditor' ]
2 info using npm@3.10.10
3 info using node@v6.10.2
4 silly loadCurrentTree Starting
5 silly install loadCurrentTree
6 silly install readLocalPackageData
7 silly fetchPackageMetaData ngx-ueditor
8 silly fetchNamedPackageData ngx-ueditor
9 silly mapToRegistry name ngx-ueditor
10 silly mapToRegistry using default registry
11 silly mapToRegistry registry https://registry.npmjs.org/
12 silly mapToRegistry data Result {
12 silly mapToRegistry   raw: 'ngx-ueditor',
12 silly mapToRegistry   scope: null,
12 silly mapToRegistry   escapedName: 'ngx-ueditor',
12 silly mapToRegistry   name: 'ngx-ueditor',
12 silly mapToRegistry   rawSpec: '',
12 silly mapToRegistry   spec: 'latest',
12 silly mapToRegistry   type: 'tag' }
13 silly mapToRegistry uri https://registry.npmjs.org/ngx-ueditor
14 verbose request uri https://registry.npmjs.org/ngx-ueditor
15 verbose request no auth needed
16 info attempt registry request try #1 at 17:05:25
17 verbose request id 5029fbe9b0ac10bb
18 http request GET https://registry.npmjs.org/ngx-ueditor
19 http 200 https://registry.npmjs.org/ngx-ueditor
20 verbose headers { server: 'nginx/1.10.1',
20 verbose headers   'content-type': 'application/json',
20 verbose headers   'last-modified': 'Wed, 13 Sep 2017 05:02:29 GMT',
20 verbose headers   etag: 'W/"59b8bbe5-4b61"',
20 verbose headers   'content-encoding': 'gzip',
20 verbose headers   'cache-control': 'max-age=300',
20 verbose headers   'content-length': '5030',
20 verbose headers   'accept-ranges': 'bytes',
20 verbose headers   date: 'Fri, 29 Sep 2017 09:05:30 GMT',
20 verbose headers   via: '1.1 varnish',
20 verbose headers   age: '0',
20 verbose headers   connection: 'keep-alive',
20 verbose headers   'x-served-by': 'cache-nrt6133-NRT',
20 verbose headers   'x-cache': 'MISS',
20 verbose headers   'x-cache-hits': '0',
20 verbose headers   'x-timer': 'S1506675929.388294,VS0,VE634',
20 verbose headers   vary: 'Accept-Encoding, Accept' }
21 silly get cb [ 200,
21 silly get   { server: 'nginx/1.10.1',
21 silly get     'content-type': 'application/json',
21 silly get     'last-modified': 'Wed, 13 Sep 2017 05:02:29 GMT',
21 silly get     etag: 'W/"59b8bbe5-4b61"',
21 silly get     'content-encoding': 'gzip',
21 silly get     'cache-control': 'max-age=300',
21 silly get     'content-length': '5030',
21 silly get     'accept-ranges': 'bytes',
21 silly get     date: 'Fri, 29 Sep 2017 09:05:30 GMT',
21 silly get     via: '1.1 varnish',
21 silly get     age: '0',
21 silly get     connection: 'keep-alive',
21 silly get     'x-served-by': 'cache-nrt6133-NRT',
21 silly get     'x-cache': 'MISS',
21 silly get     'x-cache-hits': '0',
21 silly get     'x-timer': 'S1506675929.388294,VS0,VE634',
21 silly get     vary: 'Accept-Encoding, Accept' } ]
22 verbose get saving ngx-ueditor to C:\Users\Administrator\AppData\Roaming\npm-cache\registry.npmjs.org\ngx-ueditor\.cache.json
23 verbose correctMkdir C:\Users\Administrator\AppData\Roaming\npm-cache correctMkdir not in flight; initializing
24 silly install normalizeTree
25 silly loadCurrentTree Finishing
26 silly loadIdealTree Starting
27 silly install loadIdealTree
28 silly cloneCurrentTree Starting
29 silly install cloneCurrentTreeToIdealTree
30 silly cloneCurrentTree Finishing
31 silly loadShrinkwrap Starting
32 silly install loadShrinkwrap
33 silly loadShrinkwrap Finishing
34 silly loadAllDepsIntoIdealTree Starting
35 silly install loadAllDepsIntoIdealTree
36 silly resolveWithNewModule ngx-ueditor@1.0.7 checking installable status
37 silly cache add args [ 'ngx-ueditor', null ]
38 verbose cache add spec ngx-ueditor
39 silly cache add parsed spec Result {
39 silly cache add   raw: 'ngx-ueditor',
39 silly cache add   scope: null,
39 silly cache add   escapedName: 'ngx-ueditor',
39 silly cache add   name: 'ngx-ueditor',
39 silly cache add   rawSpec: '',
39 silly cache add   spec: 'latest',
39 silly cache add   type: 'tag' }
40 silly addNamed ngx-ueditor@latest
41 verbose addNamed "latest" is being treated as a dist-tag for ngx-ueditor
42 info addNameTag [ 'ngx-ueditor', 'latest' ]
43 silly mapToRegistry name ngx-ueditor
44 silly mapToRegistry using default registry
45 silly mapToRegistry registry https://registry.npmjs.org/
46 silly mapToRegistry data Result {
46 silly mapToRegistry   raw: 'ngx-ueditor',
46 silly mapToRegistry   scope: null,
46 silly mapToRegistry   escapedName: 'ngx-ueditor',
46 silly mapToRegistry   name: 'ngx-ueditor',
46 silly mapToRegistry   rawSpec: '',
46 silly mapToRegistry   spec: 'latest',
46 silly mapToRegistry   type: 'tag' }
47 silly mapToRegistry uri https://registry.npmjs.org/ngx-ueditor
48 verbose addNameTag registry:https://registry.npmjs.org/ngx-ueditor not in flight; fetching
49 verbose get https://registry.npmjs.org/ngx-ueditor not expired, no request
50 silly addNameTag next cb for ngx-ueditor with tag latest
51 silly addNamed ngx-ueditor@1.0.7
52 verbose addNamed "1.0.7" is a plain semver version for ngx-ueditor
53 silly mapToRegistry name ngx-ueditor
54 silly mapToRegistry using default registry
55 silly mapToRegistry registry https://registry.npmjs.org/
56 silly mapToRegistry data Result {
56 silly mapToRegistry   raw: 'ngx-ueditor',
56 silly mapToRegistry   scope: null,
56 silly mapToRegistry   escapedName: 'ngx-ueditor',
56 silly mapToRegistry   name: 'ngx-ueditor',
56 silly mapToRegistry   rawSpec: '',
56 silly mapToRegistry   spec: 'latest',
56 silly mapToRegistry   type: 'tag' }
57 silly mapToRegistry uri https://registry.npmjs.org/ngx-ueditor
58 verbose addRemoteTarball https://registry.npmjs.org/ngx-ueditor/-/ngx-ueditor-1.0.7.tgz not in flight; adding
59 verbose addRemoteTarball [ 'https://registry.npmjs.org/ngx-ueditor/-/ngx-ueditor-1.0.7.tgz',
59 verbose addRemoteTarball   'cec76b008077c8d62d9f1a3e29adcce7f1c45840' ]
60 info retry fetch attempt 1 at 17:05:30
61 info attempt registry request try #1 at 17:05:30
62 http fetch GET https://registry.npmjs.org/ngx-ueditor/-/ngx-ueditor-1.0.7.tgz
63 http fetch 200 https://registry.npmjs.org/ngx-ueditor/-/ngx-ueditor-1.0.7.tgz
64 info retry will retry, error on last attempt: Error: read ECONNRESET
65 silly fetchAndShaCheck shasum cec76b008077c8d62d9f1a3e29adcce7f1c45840
66 silly rollbackFailedOptional Starting
67 silly rollbackFailedOptional Finishing
68 silly runTopLevelLifecycles Finishing
69 silly install printInstalled
70 verbose stack Error: shasum check failed for C:\Users\ADMINI~1\AppData\Local\Temp\npm-4056-240531a7\registry.npmjs.org\ngx-ueditor\-\ngx-ueditor-1.0.7.tgz
70 verbose stack Expected: cec76b008077c8d62d9f1a3e29adcce7f1c45840
70 verbose stack Actual:   acb9205b046bb199a506054584ca80dec39cb166
70 verbose stack From:     https://registry.npmjs.org/ngx-ueditor/-/ngx-ueditor-1.0.7.tgz
70 verbose stack     at D:\Program Files\nodejs\node_modules\npm\node_modules\sha\index.js:25:8
70 verbose stack     at ReadStream.<anonymous> (D:\Program Files\nodejs\node_modules\npm\node_modules\sha\index.js:72:7)
70 verbose stack     at emitNone (events.js:91:20)
70 verbose stack     at ReadStream.emit (events.js:185:7)
70 verbose stack     at endReadableNT (_stream_readable.js:974:12)
70 verbose stack     at _combinedTickCallback (internal/process/next_tick.js:80:11)
70 verbose stack     at process._tickCallback (internal/process/next_tick.js:104:9)
71 verbose cwd E:\项目资料\评审中心项目管理信息系统
72 error Windows_NT 10.0.14393
73 error argv "D:\\Program Files\\nodejs\\node.exe" "D:\\Program Files\\nodejs\\node_modules\\npm\\bin\\npm-cli.js" "install" "ngx-ueditor"
74 error node v6.10.2
75 error npm  v3.10.10
76 error shasum check failed for C:\Users\ADMINI~1\AppData\Local\Temp\npm-4056-240531a7\registry.npmjs.org\ngx-ueditor\-\ngx-ueditor-1.0.7.tgz
76 error Expected: cec76b008077c8d62d9f1a3e29adcce7f1c45840
76 error Actual:   acb9205b046bb199a506054584ca80dec39cb166
76 error From:     https://registry.npmjs.org/ngx-ueditor/-/ngx-ueditor-1.0.7.tgz
77 error If you need help, you may report this error at:
77 error     <https://github.com/npm/npm/issues>
78 verbose exit [ 1, true ]
