#
# A fatal error has been detected by the Java Runtime Environment:
#
#  EXCEPTION_ACCESS_VIOLATION (0xc0000005) at pc=0x000000006fa28b35, pid=15340, tid=14756
#
# JRE version: Java(TM) SE Runtime Environment (8.0_66-b18) (build 1.8.0_66-b18)
# Java VM: Java HotSpot(TM) 64-Bit Server VM (25.66-b18 mixed mode windows-amd64 compressed oops)
# Problematic frame:
# V  [jvm.dll+0x128b35]
#
# Failed to write core dump. Minidumps are not enabled by default on client versions of Windows
#
# If you would like to submit a bug report, please visit:
#   http://bugreport.java.com/bugreport/crash.jsp
#

---------------  T H R E A D  ---------------

Current thread (0x000000005842a800):  JavaThread "JDWP Transport Listener: dt_socket" daemon [_thread_in_vm, id=14756, stack(0x0000000058d90000,0x0000000058e90000)]

siginfo: ExceptionCode=0xc0000005, reading address 0x0000000000003b6c

Registers:
RAX=0x0000000058e8f401, RBX=0x000000005842a800, RCX=0x0000000000003b6c, RDX=0x0000000000000000
RSP=0x0000000058e8f3f0, RBP=0x0000000000003b6c, RSI=0x0000000058e8f508, RDI=0x0000000001c8a660
R8 =0x000000005842a800, R9 =0x000000000000ff00, R10=0x0000000000000000, R11=0x00fc7a56009c0030
R12=0x0000000000000000, R13=0x00000000584308a8, R14=0x0000000000000000, R15=0x0000000000000000
RIP=0x000000006fa28b35, EFLAGS=0x0000000000010206

Top of Stack: (sp=0x0000000058e8f3f0)
0x0000000058e8f3f0:   000000005842a800 0000000066828a50
0x0000000058e8f400:   0000000058e8f4b8 000000006fc2e2eb
0x0000000058e8f410:   000000005842a800 000000006fc4ab4d
0x0000000058e8f420:   0000000000000000 0000000073039155
0x0000000058e8f430:   000000005d6316a8 000000007304291e
0x0000000058e8f440:   000000005842a800 0000000000000000
0x0000000058e8f450:   0000000000000000 0000000000000000
0x0000000058e8f460:   0000000000003b6c 0000000073041a15
0x0000000058e8f470:   0000000058e8f508 0000000058e8f4e0
0x0000000058e8f480:   0000000000000001 000000005d6316a8
0x0000000058e8f490:   0000000000003b6c 00000000730253b3
0x0000000058e8f4a0:   0000000058e8f5d0 0000000000000001
0x0000000058e8f4b0:   0000000000000001 000000005d6316a8
0x0000000058e8f4c0:   0000000000000001 0000000000000000
0x0000000058e8f4d0:   0000000000000000 0000000000000000
0x0000000058e8f4e0:   0000000000000001 0000000073025571 

Instructions: (pc=0x000000006fa28b35)
0x000000006fa28b15:   cc cc cc cc cc cc cc cc cc cc cc 48 83 ec 28 48
0x000000006fa28b25:   85 c9 75 07 33 c0 48 83 c4 28 c3 48 89 5c 24 20
0x000000006fa28b35:   48 8b 19 48 85 db 74 20 48 83 fb 37 74 1a 48 8b
0x000000006fa28b45:   13 48 8b cb ff 52 10 84 c0 74 0d 48 8b c3 48 8b 


Register to memory mapping:

RAX=0x0000000058e8f401 is pointing into the stack for thread: 0x000000005842a800
RBX=0x000000005842a800 is a thread
RCX=0x0000000000003b6c is an unknown value
RDX=0x0000000000000000 is an unknown value
RSP=0x0000000058e8f3f0 is pointing into the stack for thread: 0x000000005842a800
RBP=0x0000000000003b6c is an unknown value
RSI=0x0000000058e8f508 is pointing into the stack for thread: 0x000000005842a800
RDI=0x0000000001c8a660 is an unknown value
R8 =0x000000005842a800 is a thread
R9 =0x000000000000ff00 is an unknown value
R10=0x0000000000000000 is an unknown value
R11=0x00fc7a56009c0030 is an unknown value
R12=0x0000000000000000 is an unknown value
R13=0x00000000584308a8 is an unknown value
R14=0x0000000000000000 is an unknown value
R15=0x0000000000000000 is an unknown value


Stack: [0x0000000058d90000,0x0000000058e90000],  sp=0x0000000058e8f3f0,  free space=1020k
Native frames: (J=compiled Java code, j=interpreted, Vv=VM code, C=native code)
V  [jvm.dll+0x128b35]
V  [jvm.dll+0x34ab4d]
C  [jdwp.dll+0x21a15]
C  [jdwp.dll+0x53b3]
C  [jdwp.dll+0x5571]
C  [jdwp.dll+0xf0a8]
C  [jdwp.dll+0x1f2d5]
C  [jdwp.dll+0x1f4aa]
V  [jvm.dll+0x1bba28]
V  [jvm.dll+0x243274]
V  [jvm.dll+0x29a0fa]
C  [msvcr100.dll+0x21d9f]
C  [msvcr100.dll+0x21e3b]
C  [kernel32.dll+0x159cd]
C  [ntdll.dll+0x2a561]


---------------  P R O C E S S  ---------------

Java Threads: ( => current thread )
  0x000000005ae63800 JavaThread "http-bio-8080-exec-10" daemon [_thread_blocked, id=3264, stack(0x0000000066250000,0x0000000066350000)]
  0x000000005ae62800 JavaThread "http-bio-8080-exec-9" daemon [_thread_blocked, id=7328, stack(0x000000006add0000,0x000000006aed0000)]
  0x000000005ae62000 JavaThread "http-bio-8080-exec-8" daemon [_thread_blocked, id=12476, stack(0x000000006b990000,0x000000006ba90000)]
  0x000000005ae61000 JavaThread "http-bio-8080-exec-7" daemon [_thread_blocked, id=12472, stack(0x000000006b7c0000,0x000000006b8c0000)]
  0x000000005ae60800 JavaThread "http-bio-8080-exec-6" daemon [_thread_blocked, id=12468, stack(0x000000006b620000,0x000000006b720000)]
  0x000000005ae5f800 JavaThread "http-bio-8080-exec-5" daemon [_thread_blocked, id=12464, stack(0x000000006b3f0000,0x000000006b4f0000)]
  0x000000005ae5f000 JavaThread "http-bio-8080-exec-4" daemon [_thread_blocked, id=12460, stack(0x000000006b200000,0x000000006b300000)]
  0x000000005ae5e000 JavaThread "http-bio-8080-exec-3" daemon [_thread_blocked, id=12448, stack(0x000000006b0f0000,0x000000006b1f0000)]
  0x000000005ff5c800 JavaThread "http-bio-8080-exec-2" daemon [_thread_blocked, id=11580, stack(0x000000006a850000,0x000000006a950000)]
  0x000000005ff5c000 JavaThread "http-bio-8080-exec-1" daemon [_thread_blocked, id=11544, stack(0x0000000067c30000,0x0000000067d30000)]
  0x000000005ff5b000 JavaThread "http-bio-8080-AsyncTimeout" daemon [_thread_blocked, id=5888, stack(0x00000000665a0000,0x00000000666a0000)]
  0x000000005ff5a800 JavaThread "http-bio-8080-Acceptor-0" daemon [_thread_in_native, id=14188, stack(0x000000006a740000,0x000000006a840000)]
  0x000000005ff59800 JavaThread "ContainerBackgroundProcessor[StandardEngine[Tomcat]]" daemon [_thread_blocked, id=13868, stack(0x00000000679c0000,0x0000000067ac0000)]
  0x00000000686ac800 JavaThread "Druid-ConnectionPool-Destroy-1102934403" daemon [_thread_blocked, id=14416, stack(0x0000000067890000,0x0000000067990000)]
  0x000000005f5fc800 JavaThread "Druid-ConnectionPool-Create-1102934403" daemon [_thread_blocked, id=14916, stack(0x000000005c8d0000,0x000000005c9d0000)]
  0x0000000060ce2000 JavaThread "OracleTimeoutPollingThread" daemon [_thread_blocked, id=14884, stack(0x0000000067ae0000,0x0000000067be0000)]
  0x000000005e917800 JavaThread "Thread-2" daemon [_thread_in_native, id=9576, stack(0x0000000060310000,0x0000000060410000)]
  0x00000000584bb800 JavaThread "Service Thread" daemon [_thread_blocked, id=11628, stack(0x00000000595d0000,0x00000000596d0000)]
  0x000000005844d800 JavaThread "C1 CompilerThread2" daemon [_thread_blocked, id=11596, stack(0x00000000594d0000,0x00000000595d0000)]
  0x0000000058449800 JavaThread "C2 CompilerThread1" daemon [_thread_blocked, id=11528, stack(0x00000000593d0000,0x00000000594d0000)]
  0x0000000058447800 JavaThread "C2 CompilerThread0" daemon [_thread_blocked, id=9692, stack(0x00000000592a0000,0x00000000593a0000)]
  0x000000005843a000 JavaThread "JDWP Command Reader" daemon [_thread_in_native, id=13264, stack(0x0000000059090000,0x0000000059190000)]
  0x0000000058436000 JavaThread "JDWP Event Helper Thread" daemon [_thread_blocked, id=13840, stack(0x0000000058eb0000,0x0000000058fb0000)]
=>0x000000005842a800 JavaThread "JDWP Transport Listener: dt_socket" daemon [_thread_in_vm, id=14756, stack(0x0000000058d90000,0x0000000058e90000)]
  0x0000000056f82800 JavaThread "Attach Listener" daemon [_thread_blocked, id=12824, stack(0x0000000057fa0000,0x00000000580a0000)]
  0x0000000056f81800 JavaThread "Signal Dispatcher" daemon [_thread_blocked, id=10872, stack(0x0000000058860000,0x0000000058960000)]
  0x0000000056f27800 JavaThread "Finalizer" daemon [_thread_blocked, id=14860, stack(0x0000000058310000,0x0000000058410000)]
  0x0000000056f20800 JavaThread "Reference Handler" daemon [_thread_blocked, id=12152, stack(0x0000000058210000,0x0000000058310000)]
  0x0000000002098000 JavaThread "main" [_thread_blocked, id=14956, stack(0x00000000022e0000,0x00000000023e0000)]

Other Threads:
  0x0000000056f1b000 VMThread [stack: 0x0000000058110000,0x0000000058210000] [id=11932]
  0x0000000058505000 WatcherThread [stack: 0x00000000597f0000,0x00000000598f0000] [id=11592]

VM state:not at safepoint (normal execution)

VM Mutex/Monitor currently owned by a thread: None

Heap:
 PSYoungGen      total 628736K, used 368938K [0x00000000d5f00000, 0x0000000100000000, 0x0000000100000000)
  eden space 586752K, 57% used [0x00000000d5f00000,0x00000000ea8abbd8,0x00000000f9c00000)
  from space 41984K, 74% used [0x00000000f9c00000,0x00000000fba9ec28,0x00000000fc500000)
  to   space 44032K, 0% used [0x00000000fd500000,0x00000000fd500000,0x0000000100000000)
 ParOldGen       total 165888K, used 61533K [0x0000000081c00000, 0x000000008be00000, 0x00000000d5f00000)
  object space 165888K, 37% used [0x0000000081c00000,0x0000000085817410,0x000000008be00000)
 Metaspace       used 81925K, capacity 83161K, committed 83456K, reserved 1122304K
  class space    used 9620K, capacity 9975K, committed 9984K, reserved 1048576K

Card table byte_map: [0x00000000117a0000,0x0000000011ba0000] byte_map_base: 0x0000000011392000

Marking Bits: (ParMarkBitMap*) 0x000000007010a5b0
 Begin Bits: [0x0000000012270000, 0x0000000014200000)
 End Bits:   [0x0000000014200000, 0x0000000016190000)

Polling page: 0x0000000000400000

CodeCache: size=245760Kb used=36886Kb max_used=36924Kb free=208873Kb
 bounds [0x00000000023e0000, 0x0000000004830000, 0x00000000113e0000]
 total_blobs=10641 nmethods=10014 adapters=546
 compilation: enabled

Compilation events (10 events):
Event: 735.040 Thread 0x0000000058447800 12351       4       java.lang.Exception::<init> (6 bytes)
Event: 735.041 Thread 0x0000000058447800 nmethod 12351 0x00000000047f8fd0 code [0x00000000047f9120, 0x00000000047f91d8]
Event: 735.054 Thread 0x000000005844d800 12352       3       java.io.IOException::<init> (6 bytes)
Event: 735.054 Thread 0x000000005844d800 nmethod 12352 0x00000000047fa350 code [0x00000000047fa4c0, 0x00000000047fa6c8]
Event: 735.594 Thread 0x000000005844d800 12353       3       java.util.concurrent.ThreadPoolExecutor$Worker::unlock (7 bytes)
Event: 735.595 Thread 0x000000005844d800 nmethod 12353 0x00000000047f9a90 code [0x00000000047f9c20, 0x00000000047fa168]
Event: 735.595 Thread 0x000000005844d800 12354       3       java.util.concurrent.ThreadPoolExecutor$Worker::tryRelease (12 bytes)
Event: 735.595 Thread 0x000000005844d800 nmethod 12354 0x00000000047f9510 code [0x00000000047f9680, 0x00000000047f99b0]
Event: 827.745 Thread 0x000000005844d800 12355       3       org.apache.catalina.LifecycleEvent::getLifecycle (8 bytes)
Event: 827.745 Thread 0x000000005844d800 nmethod 12355 0x0000000004806cd0 code [0x0000000004806e40, 0x0000000004807130]

GC Heap History (10 events):
Event: 20.104 GC heap before
{Heap before GC invocations=15 (full 3):
 PSYoungGen      total 500736K, used 14734K [0x00000000d5f00000, 0x00000000f7880000, 0x0000000100000000)
  eden space 462336K, 0% used [0x00000000d5f00000,0x00000000d5f00000,0x00000000f2280000)
  from space 38400K, 38% used [0x00000000f5300000,0x00000000f6163bc0,0x00000000f7880000)
  to   space 44032K, 0% used [0x00000000f2280000,0x00000000f2280000,0x00000000f4d80000)
 ParOldGen       total 118272K, used 65649K [0x0000000081c00000, 0x0000000088f80000, 0x00000000d5f00000)
  object space 118272K, 55% used [0x0000000081c00000,0x0000000085c1c640,0x0000000088f80000)
 Metaspace       used 39744K, capacity 40422K, committed 40704K, reserved 1085440K
  class space    used 4570K, capacity 4789K, committed 4864K, reserved 1048576K
Event: 20.290 GC heap after
Heap after GC invocations=15 (full 3):
 PSYoungGen      total 500736K, used 0K [0x00000000d5f00000, 0x00000000f7880000, 0x0000000100000000)
  eden space 462336K, 0% used [0x00000000d5f00000,0x00000000d5f00000,0x00000000f2280000)
  from space 38400K, 0% used [0x00000000f5300000,0x00000000f5300000,0x00000000f7880000)
  to   space 44032K, 0% used [0x00000000f2280000,0x00000000f2280000,0x00000000f4d80000)
 ParOldGen       total 121344K, used 40072K [0x0000000081c00000, 0x0000000089280000, 0x00000000d5f00000)
  object space 121344K, 33% used [0x0000000081c00000,0x0000000084322228,0x0000000089280000)
 Metaspace       used 39744K, capacity 40422K, committed 40704K, reserved 1085440K
  class space    used 4570K, capacity 4789K, committed 4864K, reserved 1048576K
}
Event: 30.196 GC heap before
{Heap before GC invocations=16 (full 3):
 PSYoungGen      total 500736K, used 462336K [0x00000000d5f00000, 0x00000000f7880000, 0x0000000100000000)
  eden space 462336K, 100% used [0x00000000d5f00000,0x00000000f2280000,0x00000000f2280000)
  from space 38400K, 0% used [0x00000000f5300000,0x00000000f5300000,0x00000000f7880000)
  to   space 44032K, 0% used [0x00000000f2280000,0x00000000f2280000,0x00000000f4d80000)
 ParOldGen       total 121344K, used 40072K [0x0000000081c00000, 0x0000000089280000, 0x00000000d5f00000)
  object space 121344K, 33% used [0x0000000081c00000,0x0000000084322228,0x0000000089280000)
 Metaspace       used 56161K, capacity 56932K, committed 57600K, reserved 1099776K
  class space    used 6625K, capacity 6858K, committed 6912K, reserved 1048576K
Event: 30.218 GC heap after
Heap after GC invocations=16 (full 3):
 PSYoungGen      total 506368K, used 24190K [0x00000000d5f00000, 0x00000000ff980000, 0x0000000100000000)
  eden space 462336K, 0% used [0x00000000d5f00000,0x00000000d5f00000,0x00000000f2280000)
  from space 44032K, 54% used [0x00000000f2280000,0x00000000f3a1fa20,0x00000000f4d80000)
  to   space 43520K, 0% used [0x00000000fcf00000,0x00000000fcf00000,0x00000000ff980000)
 ParOldGen       total 121344K, used 40080K [0x0000000081c00000, 0x0000000089280000, 0x00000000d5f00000)
  object space 121344K, 33% used [0x0000000081c00000,0x0000000084324228,0x0000000089280000)
 Metaspace       used 56161K, capacity 56932K, committed 57600K, reserved 1099776K
  class space    used 6625K, capacity 6858K, committed 6912K, reserved 1048576K
}
Event: 34.029 GC heap before
{Heap before GC invocations=17 (full 3):
 PSYoungGen      total 506368K, used 440161K [0x00000000d5f00000, 0x00000000ff980000, 0x0000000100000000)
  eden space 462336K, 89% used [0x00000000d5f00000,0x00000000ef538c18,0x00000000f2280000)
  from space 44032K, 54% used [0x00000000f2280000,0x00000000f3a1fa20,0x00000000f4d80000)
  to   space 43520K, 0% used [0x00000000fcf00000,0x00000000fcf00000,0x00000000ff980000)
 ParOldGen       total 121344K, used 40080K [0x0000000081c00000, 0x0000000089280000, 0x00000000d5f00000)
  object space 121344K, 33% used [0x0000000081c00000,0x0000000084324228,0x0000000089280000)
 Metaspace       used 66438K, capacity 67330K, committed 67840K, reserved 1110016K
  class space    used 7871K, capacity 8127K, committed 8192K, reserved 1048576K
Event: 34.063 GC heap after
Heap after GC invocations=17 (full 3):
 PSYoungGen      total 618496K, used 20426K [0x00000000d5f00000, 0x00000000fee00000, 0x0000000100000000)
  eden space 586752K, 0% used [0x00000000d5f00000,0x00000000d5f00000,0x00000000f9c00000)
  from space 31744K, 64% used [0x00000000fcf00000,0x00000000fe2f2b40,0x00000000fee00000)
  to   space 41984K, 0% used [0x00000000f9c00000,0x00000000f9c00000,0x00000000fc500000)
 ParOldGen       total 121344K, used 53047K [0x0000000081c00000, 0x0000000089280000, 0x00000000d5f00000)
  object space 121344K, 43% used [0x0000000081c00000,0x0000000084fcdd98,0x0000000089280000)
 Metaspace       used 66438K, capacity 67330K, committed 67840K, reserved 1110016K
  class space    used 7871K, capacity 8127K, committed 8192K, reserved 1048576K
}
Event: 34.063 GC heap before
{Heap before GC invocations=18 (full 4):
 PSYoungGen      total 618496K, used 20426K [0x00000000d5f00000, 0x00000000fee00000, 0x0000000100000000)
  eden space 586752K, 0% used [0x00000000d5f00000,0x00000000d5f00000,0x00000000f9c00000)
  from space 31744K, 64% used [0x00000000fcf00000,0x00000000fe2f2b40,0x00000000fee00000)
  to   space 41984K, 0% used [0x00000000f9c00000,0x00000000f9c00000,0x00000000fc500000)
 ParOldGen       total 121344K, used 53047K [0x0000000081c00000, 0x0000000089280000, 0x00000000d5f00000)
  object space 121344K, 43% used [0x0000000081c00000,0x0000000084fcdd98,0x0000000089280000)
 Metaspace       used 66438K, capacity 67330K, committed 67840K, reserved 1110016K
  class space    used 7871K, capacity 8127K, committed 8192K, reserved 1048576K
Event: 34.187 GC heap after
Heap after GC invocations=18 (full 4):
 PSYoungGen      total 618496K, used 0K [0x00000000d5f00000, 0x00000000fee00000, 0x0000000100000000)
  eden space 586752K, 0% used [0x00000000d5f00000,0x00000000d5f00000,0x00000000f9c00000)
  from space 31744K, 0% used [0x00000000fcf00000,0x00000000fcf00000,0x00000000fee00000)
  to   space 41984K, 0% used [0x00000000f9c00000,0x00000000f9c00000,0x00000000fc500000)
 ParOldGen       total 165888K, used 61525K [0x0000000081c00000, 0x000000008be00000, 0x00000000d5f00000)
  object space 165888K, 37% used [0x0000000081c00000,0x0000000085815410,0x000000008be00000)
 Metaspace       used 66438K, capacity 67330K, committed 67840K, reserved 1110016K
  class space    used 7871K, capacity 8127K, committed 8192K, reserved 1048576K
}
Event: 139.657 GC heap before
{Heap before GC invocations=19 (full 4):
 PSYoungGen      total 618496K, used 586752K [0x00000000d5f00000, 0x00000000fee00000, 0x0000000100000000)
  eden space 586752K, 100% used [0x00000000d5f00000,0x00000000f9c00000,0x00000000f9c00000)
  from space 31744K, 0% used [0x00000000fcf00000,0x00000000fcf00000,0x00000000fee00000)
  to   space 41984K, 0% used [0x00000000f9c00000,0x00000000f9c00000,0x00000000fc500000)
 ParOldGen       total 165888K, used 61525K [0x0000000081c00000, 0x000000008be00000, 0x00000000d5f00000)
  object space 165888K, 37% used [0x0000000081c00000,0x0000000085815410,0x000000008be00000)
 Metaspace       used 81152K, capacity 82459K, committed 82944K, reserved 1122304K
  class space    used 9606K, capacity 9963K, committed 9984K, reserved 1048576K
Event: 139.679 GC heap after
Heap after GC invocations=19 (full 4):
 PSYoungGen      total 628736K, used 31355K [0x00000000d5f00000, 0x0000000100000000, 0x0000000100000000)
  eden space 586752K, 0% used [0x00000000d5f00000,0x00000000d5f00000,0x00000000f9c00000)
  from space 41984K, 74% used [0x00000000f9c00000,0x00000000fba9ec28,0x00000000fc500000)
  to   space 44032K, 0% used [0x00000000fd500000,0x00000000fd500000,0x0000000100000000)
 ParOldGen       total 165888K, used 61533K [0x0000000081c00000, 0x000000008be00000, 0x00000000d5f00000)
  object space 165888K, 37% used [0x0000000081c00000,0x0000000085817410,0x000000008be00000)
 Metaspace       used 81152K, capacity 82459K, committed 82944K, reserved 1122304K
  class space    used 9606K, capacity 9963K, committed 9984K, reserved 1048576K
}

Deoptimization events (10 events):
Event: 487.129 Thread 0x000000005ae5f000 Uncommon trap: reason=unhandled action=none pc=0x0000000002d00ea4 method=org.codehaus.plexus.classworlds.realm.ClassRealm.findClass(Ljava/lang/String;)Ljava/lang/Class; @ 8
Event: 487.130 Thread 0x000000005ae5f000 Uncommon trap: reason=unhandled action=none pc=0x0000000002d00ea4 method=org.codehaus.plexus.classworlds.realm.ClassRealm.findClass(Ljava/lang/String;)Ljava/lang/Class; @ 8
Event: 487.130 Thread 0x000000005ae5f000 Uncommon trap: reason=unhandled action=none pc=0x000000000414d208 method=java.net.URLClassLoader.findClass(Ljava/lang/String;)Ljava/lang/Class; @ 44
Event: 487.130 Thread 0x000000005ae5f000 Uncommon trap: reason=unhandled action=none pc=0x000000000414d208 method=java.net.URLClassLoader.findClass(Ljava/lang/String;)Ljava/lang/Class; @ 44
Event: 487.130 Thread 0x000000005ae5f000 Uncommon trap: reason=unhandled action=none pc=0x000000000291ce7c method=java.net.URLClassLoader.findClass(Ljava/lang/String;)Ljava/lang/Class; @ 44
Event: 487.130 Thread 0x000000005ae5f000 Uncommon trap: reason=unhandled action=none pc=0x000000000291ce7c method=java.net.URLClassLoader.findClass(Ljava/lang/String;)Ljava/lang/Class; @ 44
Event: 487.140 Thread 0x000000005ae5f000 Uncommon trap: reason=unhandled action=none pc=0x000000000291ce7c method=java.net.URLClassLoader.findClass(Ljava/lang/String;)Ljava/lang/Class; @ 44
Event: 487.140 Thread 0x000000005ae5f000 Uncommon trap: reason=unhandled action=none pc=0x000000000291ce7c method=java.net.URLClassLoader.findClass(Ljava/lang/String;)Ljava/lang/Class; @ 44
Event: 654.438 Thread 0x000000005f5fc800 Uncommon trap: reason=unhandled action=none pc=0x00000000046de30c method=oracle.net.ns.NetInputStream.getNextPacket()V @ 160
Event: 674.944 Thread 0x000000005f5fc800 Uncommon trap: reason=unhandled action=none pc=0x00000000046de30c method=oracle.net.ns.NetInputStream.getNextPacket()V @ 160

Internal exceptions (10 events):
Event: 487.127 Thread 0x000000005ae5f000 Exception <a 'java/lang/ClassNotFoundException': cs/model/BaseDtoBeanInfo> (0x00000000e0336e20) thrown at [C:\re\workspace\8-2-build-windows-amd64-cygwin\jdk8u66\5298\hotspot\src\share\vm\classfile\systemDictionary.cpp, line 210]
Event: 487.128 Thread 0x000000005ae5f000 Exception <a 'java/lang/ClassNotFoundException': cs/model/BaseDtoCustomizer> (0x00000000e0355d10) thrown at [C:\re\workspace\8-2-build-windows-amd64-cygwin\jdk8u66\5298\hotspot\src\share\vm\classfile\systemDictionary.cpp, line 210]
Event: 487.130 Thread 0x000000005ae5f000 Exception <a 'java/lang/ClassNotFoundException': cs/model/project/AssistUnitDtoCustomizer> (0x00000000e0382b50) thrown at [C:\re\workspace\8-2-build-windows-amd64-cygwin\jdk8u66\5298\hotspot\src\share\vm\classfile\systemDictionary.cpp, line 210]
Event: 555.714 Thread 0x000000005ae5f000 Exception <a 'java/net/SocketTimeoutException': Read timed out> (0x00000000e066a348) thrown at [C:\re\workspace\8-2-build-windows-amd64-cygwin\jdk8u66\5298\hotspot\src\share\vm\prims\jni.cpp, line 735]
Event: 734.137 Thread 0x000000005ae5f800 Exception <a 'java/net/SocketTimeoutException': Read timed out> (0x00000000e6bf8c00) thrown at [C:\re\workspace\8-2-build-windows-amd64-cygwin\jdk8u66\5298\hotspot\src\share\vm\prims\jni.cpp, line 735]
Event: 734.139 Thread 0x000000005ae61000 Exception <a 'java/net/SocketTimeoutException': Read timed out> (0x00000000e60191a0) thrown at [C:\re\workspace\8-2-build-windows-amd64-cygwin\jdk8u66\5298\hotspot\src\share\vm\prims\jni.cpp, line 735]
Event: 735.040 Thread 0x000000005ae62800 Exception <a 'java/net/SocketTimeoutException': Read timed out> (0x00000000e7302090) thrown at [C:\re\workspace\8-2-build-windows-amd64-cygwin\jdk8u66\5298\hotspot\src\share\vm\prims\jni.cpp, line 735]
Event: 735.054 Thread 0x000000005ae5e000 Exception <a 'java/net/SocketTimeoutException': Read timed out> (0x00000000e7f00d38) thrown at [C:\re\workspace\8-2-build-windows-amd64-cygwin\jdk8u66\5298\hotspot\src\share\vm\prims\jni.cpp, line 735]
Event: 735.089 Thread 0x000000005ff5c000 Exception <a 'java/net/SocketTimeoutException': Read timed out> (0x00000000e7a55e20) thrown at [C:\re\workspace\8-2-build-windows-amd64-cygwin\jdk8u66\5298\hotspot\src\share\vm\prims\jni.cpp, line 735]
Event: 735.594 Thread 0x000000005ff5c800 Exception <a 'java/net/SocketTimeoutException': Read timed out> (0x00000000ea1a0b78) thrown at [C:\re\workspace\8-2-build-windows-amd64-cygwin\jdk8u66\5298\hotspot\src\share\vm\prims\jni.cpp, line 735]

Events (10 events):
Event: 735.089 Thread 0x000000005ff5c000 DEOPT PACKING pc=0x0000000003becb24 sp=0x0000000067d2ee70
Event: 735.089 Thread 0x000000005ff5c000 DEOPT UNPACKING pc=0x000000000242787f sp=0x0000000067d2ebc0 mode 1
Event: 735.594 Thread 0x000000005ff5c800 DEOPT PACKING pc=0x0000000003bed4ac sp=0x000000006a94ec80
Event: 735.594 Thread 0x000000005ff5c800 DEOPT UNPACKING pc=0x000000000242787f sp=0x000000006a94e998 mode 1
Event: 735.594 Thread 0x000000005ff5c800 DEOPT PACKING pc=0x0000000003becb24 sp=0x000000006a94ed80
Event: 735.594 Thread 0x000000005ff5c800 DEOPT UNPACKING pc=0x000000000242787f sp=0x000000006a94ead0 mode 1
Event: 807.591 Executing VM operation: RedefineClasses
Event: 807.646 Executing VM operation: RedefineClasses done
Event: 831.161 Executing VM operation: RedefineClasses
Event: 831.215 Executing VM operation: RedefineClasses done


Dynamic libraries:
0x000000013f660000 - 0x000000013f697000 	C:\Program Files\Java\jdk1.8.0_66\bin\javaw.exe
0x0000000076dd0000 - 0x0000000076f7a000 	C:\windows\SYSTEM32\ntdll.dll
0x0000000076bb0000 - 0x0000000076ccf000 	C:\windows\system32\kernel32.dll
0x000007fefcb40000 - 0x000007fefcbaa000 	C:\windows\system32\KERNELBASE.dll
0x000007fefd390000 - 0x000007fefd46b000 	C:\windows\system32\ADVAPI32.dll
0x000007fefce80000 - 0x000007fefcf1f000 	C:\windows\system32\msvcrt.dll
0x000007fefcf20000 - 0x000007fefcf3f000 	C:\windows\SYSTEM32\sechost.dll
0x000007fefea60000 - 0x000007fefeb8d000 	C:\windows\system32\RPCRT4.dll
0x0000000076cd0000 - 0x0000000076dca000 	C:\windows\system32\USER32.dll
0x000007fefe4d0000 - 0x000007fefe537000 	C:\windows\system32\GDI32.dll
0x000007fefd210000 - 0x000007fefd21e000 	C:\windows\system32\LPK.dll
0x000007fefe910000 - 0x000007fefe9da000 	C:\windows\system32\USP10.dll
0x000007fefb0d0000 - 0x000007fefb2c4000 	C:\windows\WinSxS\amd64_microsoft.windows.common-controls_6595b64144ccf1df_6.0.7601.18837_none_fa3b1e3d17594757\COMCTL32.dll
0x000007fefed90000 - 0x000007fefee01000 	C:\windows\system32\SHLWAPI.dll
0x000007fefd340000 - 0x000007fefd36e000 	C:\windows\system32\IMM32.DLL
0x000007fefd230000 - 0x000007fefd339000 	C:\windows\system32\MSCTF.dll
0x00000000730a0000 - 0x0000000073172000 	C:\Program Files\Java\jdk1.8.0_66\jre\bin\msvcr100.dll
0x000000006f900000 - 0x0000000070189000 	C:\Program Files\Java\jdk1.8.0_66\jre\bin\server\jvm.dll
0x000007fefb070000 - 0x000007fefb079000 	C:\windows\system32\WSOCK32.dll
0x000007feff090000 - 0x000007feff0dd000 	C:\windows\system32\WS2_32.dll
0x000007fefd220000 - 0x000007fefd228000 	C:\windows\system32\NSI.dll
0x000007fef9200000 - 0x000007fef923b000 	C:\windows\system32\WINMM.dll
0x000007fefc2b0000 - 0x000007fefc2bc000 	C:\windows\system32\VERSION.dll
0x0000000076fa0000 - 0x0000000076fa7000 	C:\windows\system32\PSAPI.DLL
0x0000000073090000 - 0x000000007309f000 	C:\Program Files\Java\jdk1.8.0_66\jre\bin\verify.dll
0x0000000073060000 - 0x0000000073089000 	C:\Program Files\Java\jdk1.8.0_66\jre\bin\java.dll
0x0000000073020000 - 0x0000000073055000 	C:\Program Files\Java\jdk1.8.0_66\jre\bin\jdwp.dll
0x0000000073010000 - 0x0000000073018000 	C:\Program Files\Java\jdk1.8.0_66\jre\bin\npt.dll
0x0000000072ff0000 - 0x0000000073006000 	C:\Program Files\Java\jdk1.8.0_66\jre\bin\zip.dll
0x000007fefd470000 - 0x000007fefe1fa000 	C:\windows\system32\SHELL32.dll
0x000007fefeb90000 - 0x000007fefed8c000 	C:\windows\system32\ole32.dll
0x000007fefcad0000 - 0x000007fefcadf000 	C:\windows\system32\profapi.dll
0x0000000072fe0000 - 0x0000000072fe9000 	C:\Program Files\Java\jdk1.8.0_66\jre\bin\dt_socket.dll
0x000007fefa930000 - 0x000007fefa945000 	C:\windows\system32\NLAapi.dll
0x000007fef8410000 - 0x000007fef8425000 	C:\windows\system32\napinsp.dll
0x000007fef4ff0000 - 0x000007fef5009000 	C:\windows\system32\pnrpnsp.dll
0x000007fefc250000 - 0x000007fefc2a5000 	C:\windows\System32\mswsock.dll
0x000007fefc0d0000 - 0x000007fefc12b000 	C:\windows\system32\DNSAPI.dll
0x000007fef91b0000 - 0x000007fef91bb000 	C:\windows\System32\winrnr.dll
0x000007fefbea0000 - 0x000007fefbec7000 	C:\windows\system32\IPHLPAPI.DLL
0x000007fefbe90000 - 0x000007fefbe9b000 	C:\windows\system32\WINNSI.DLL
0x000007fefa6a0000 - 0x000007fefa6f3000 	C:\windows\System32\fwpuclnt.dll
0x000007fef9b10000 - 0x000007fef9b18000 	C:\windows\system32\rasadhlp.dll
0x000007fefbbf0000 - 0x000007fefbbf7000 	C:\windows\System32\wshtcpip.dll
0x0000000072fc0000 - 0x0000000072fda000 	C:\Program Files\Java\jdk1.8.0_66\jre\bin\net.dll
0x000007fefc240000 - 0x000007fefc247000 	C:\windows\System32\wship6.dll
0x0000000072fa0000 - 0x0000000072fb1000 	C:\Program Files\Java\jdk1.8.0_66\jre\bin\nio.dll
0x000007fefc2c0000 - 0x000007fefc2d8000 	C:\windows\system32\CRYPTSP.dll
0x000007fefbfb0000 - 0x000007fefbff7000 	C:\windows\system32\rsaenh.dll
0x000007fefccb0000 - 0x000007fefccce000 	C:\windows\system32\USERENV.dll
0x000007fefc960000 - 0x000007fefc96f000 	C:\windows\system32\CRYPTBASE.dll
0x000007fefa600000 - 0x000007fefa611000 	C:\windows\system32\dhcpcsvc6.DLL
0x000007fefa5e0000 - 0x000007fefa5f8000 	C:\windows\system32\dhcpcsvc.DLL
0x0000000072f90000 - 0x0000000072f9d000 	C:\Program Files\Java\jdk1.8.0_66\jre\bin\management.dll
0x0000000072f60000 - 0x0000000072f84000 	C:\Program Files\Java\jdk1.8.0_66\jre\bin\sunec.dll
0x0000000071f50000 - 0x00000000720e8000 	C:\Program Files\Java\jdk1.8.0_66\jre\bin\awt.dll
0x000007fefd130000 - 0x000007fefd20a000 	C:\windows\system32\OLEAUT32.dll
0x000007fef29c0000 - 0x000007fef2ae5000 	C:\windows\system32\dbghelp.dll

VM Arguments:
jvm_args: -agentlib:jdwp=transport=dt_socket,suspend=y,address=localhost:59848 -Dmaven.home=E:\tools\apache-maven-3.3.9-bin\apache-maven-3.3.9 -Dclassworlds.conf=E:\stsWorkpace\.metadata\.plugins\org.eclipse.m2e.launching\launches\m2conf7225879353510299594.tmp -Dmaven.multiModuleProjectDirectory=G:\∆¿…ÛœµÕ≥\szcshl-web -Dfile.encoding=UTF-8 
java_command: org.codehaus.plexus.classworlds.launcher.Launcher -B -gs E:\tools\apache-maven-3.3.9-bin\apache-maven-3.3.9\conf\settings.xml -s E:\tools\apache-maven-3.3.9-bin\apache-maven-3.3.9\conf\settings.xml tomcat7:run
java_class_path (initial): E:\tools\apache-maven-3.3.9-bin\apache-maven-3.3.9\boot\plexus-classworlds-2.5.2.jar
Launcher Type: SUN_STANDARD

Environment Variables:
JAVA_HOME=C:\Program Files\Java\jdk1.8.0_66
CLASSPATH=.;C:\Program Files\Java\jdk1.8.0_66\lib
PATH=C:\Program Files\Java\jdk1.8.0_66\jre\bin;C:/Program Files/Java/jre1.8.0_66/bin/server;C:/Program Files/Java/jre1.8.0_66/bin;C:/Program Files/Java/jre1.8.0_66/lib/amd64;G:\app\Administrator\product\11.2.0\client_2\bin;G:\app\Administrator\product\11.2.0\client_1;C:\ProgramData\Oracle\Java\javapath;C:\windows\system32;C:\windows;C:\windows\System32\Wbem;C:\windows\System32\WindowsPowerShell\v1.0\;C:\Program Files\Java\jdk1.8.0_66\bin;E:\tools\apache-maven-3.3.9-bin\apache-maven-3.3.9\bin;C:\Program Files\Git\cmd;C:\Program Files\TortoiseGit\bin;C:\Program Files\nodejs\;C:\Program Files\MySQL\MySQL Utilities 1.6\;C:\Users\Administrator\AppData\Roaming\npm;E:\tools\sts-3.8.3\sts-bundle\sts-3.8.3.RELEASE;
USERNAME=Administrator
OS=Windows_NT
PROCESSOR_IDENTIFIER=Intel64 Family 6 Model 94 Stepping 3, GenuineIntel



---------------  S Y S T E M  ---------------

OS: Windows 7 , 64 bit Build 7601 (6.1.7601.23796)

CPU:total 4 (4 cores per cpu, 1 threads per core) family 6 model 94 stepping 3, cmov, cx8, fxsr, mmx, sse, sse2, sse3, ssse3, sse4.1, sse4.2, popcnt, avx, avx2, aes, clmul, erms, rtm, 3dnowpref, lzcnt, tsc, tscinvbit, bmi1, bmi2, adx

Memory: 4k page, physical 8266516k(1261876k free), swap 16533032k(8829492k free)

vm_info: Java HotSpot(TM) 64-Bit Server VM (25.66-b18) for windows-amd64 JRE (1.8.0_66-b18), built on Nov  9 2015 10:51:13 by "java_re" with MS VC++ 10.0 (VS2010)

time: Sat Jun 10 11:00:02 2017
elapsed time: 831 seconds (0d 0h 13m 51s)

